<?xml version="1.0" encoding="UTF-8"?>
<!-- Generated by org.testng.reporters.JUnitReportReporter -->
<testsuite hostname="DESKTOP-2F3S0DP" failures="0" tests="1" name="testPages.SearchPageTest" time="21.898" errors="0" timestamp="2023-04-04T08:45:10 CDT" skipped="0">
  <testcase classname="testPages.SearchPageTest" name="userShouldBeAbleToSearch" time="21.898"/>
  <system-out/>
</testsuite> <!-- testPages.SearchPageTest -->
